<?xml version="1.0" encoding="UTF-8"?>
<testsuite name="days.one.DayOneTest$PartTwo" tests="2" skipped="0" failures="0" errors="0" timestamp="2025-12-03T01:33:31" hostname="Austins-MacBook-Pro.local" time="0.004">
  <properties/>
  <testcase name="it will pass the challenge test case()" classname="days.one.DayOneTest$PartTwo" time="0.001"/>
  <testcase name="it will handle a simple case()" classname="days.one.DayOneTest$PartTwo" time="0.001"/>
  <system-out><![CDATA[]]></system-out>
  <system-err><![CDATA[]]></system-err>
</testsuite>
