<?xml version="1.0" encoding="UTF-8"?>
<testsuite name="days.two.DayTwoTest$PartOne" tests="2" skipped="0" failures="0" errors="0" timestamp="2025-12-03T01:33:31" hostname="Austins-MacBook-Pro.local" time="0.009">
  <properties/>
  <testcase name="it will pass the challenge test case()" classname="days.two.DayTwoTest$PartOne" time="0.006"/>
  <testcase name="it will handle a simple case()" classname="days.two.DayTwoTest$PartOne" time="0.002"/>
  <system-out><![CDATA[]]></system-out>
  <system-err><![CDATA[]]></system-err>
</testsuite>
