<?xml version="1.0" encoding="UTF-8"?>
<testsuite name="days.two.DayTwoTest$PartTwo" tests="2" skipped="0" failures="0" errors="0" timestamp="2025-12-03T01:33:31" hostname="Austins-MacBook-Pro.local" time="0.006">
  <properties/>
  <testcase name="it will pass the challenge test case()" classname="days.two.DayTwoTest$PartTwo" time="0.003"/>
  <testcase name="it will handle a simple case()" classname="days.two.DayTwoTest$PartTwo" time="0.002"/>
  <system-out><![CDATA[[11, 22, 99, 111, 999, 1010, 1188511885, 222222, 446446, 38593859, 565656, 824824824, 2121212121]
[11, 22, 33, 44, 555, 666]
]]></system-out>
  <system-err><![CDATA[]]></system-err>
</testsuite>
